<?xml version="1.0" encoding="UTF-8"?>
<testsuite xmlns:xsi="http://www.w3.org/2001/XMLSchema-instance" xsi:noNamespaceSchemaLocation="https://maven.apache.org/surefire/maven-surefire-plugin/xsd/surefire-test-report-3.0.xsd" version="3.0" name="edu.sharif.selab.SmartBuildingSystemTest" time="0.011" tests="3" errors="0" skipped="0" failures="0">
  <properties>
    <property name="java.specification.version" value="21"/>
    <property name="sun.cpu.isalist" value="amd64"/>
    <property name="sun.jnu.encoding" value="Cp1252"/>
    <property name="java.class.path" value="D:\Github\CE-Course\Experiment06-Patterns\Phase1\target\test-classes;D:\Github\CE-Course\Experiment06-Patterns\Phase1\target\classes;C:\Users\moeei\.m2\repository\org\junit\jupiter\junit-jupiter-engine\5.9.1\junit-jupiter-engine-5.9.1.jar;C:\Users\moeei\.m2\repository\org\junit\platform\junit-platform-engine\1.9.1\junit-platform-engine-1.9.1.jar;C:\Users\moeei\.m2\repository\org\apiguardian\apiguardian-api\1.1.2\apiguardian-api-1.1.2.jar;C:\Users\moeei\.m2\repository\org\junit\jupiter\junit-jupiter-api\5.9.1\junit-jupiter-api-5.9.1.jar;C:\Users\moeei\.m2\repository\org\opentest4j\opentest4j\1.2.0\opentest4j-1.2.0.jar;C:\Users\moeei\.m2\repository\org\junit\platform\junit-platform-commons\1.9.1\junit-platform-commons-1.9.1.jar;"/>
    <property name="java.vm.vendor" value="Oracle Corporation"/>
    <property name="sun.arch.data.model" value="64"/>
    <property name="user.variant" value=""/>
    <property name="java.vendor.url" value="https://java.oracle.com/"/>
    <property name="user.timezone" value="Asia/Tehran"/>
    <property name="os.name" value="Windows 11"/>
    <property name="java.vm.specification.version" value="21"/>
    <property name="sun.java.launcher" value="SUN_STANDARD"/>
    <property name="user.country" value="US"/>
    <property name="sun.boot.library.path" value="C:\Program Files\Java\jdk-21\bin"/>
    <property name="sun.java.command" value="C:\Users\moeei\AppData\Local\Temp\surefire600625706654072394\surefirebooter-20250829201316993_3.jar C:\Users\moeei\AppData\Local\Temp\surefire600625706654072394 2025-08-29T20-13-16_876-jvmRun1 surefire-20250829201316993_1tmp surefire_0-20250829201316993_2tmp"/>
    <property name="jdk.debug" value="release"/>
    <property name="surefire.test.class.path" value="D:\Github\CE-Course\Experiment06-Patterns\Phase1\target\test-classes;D:\Github\CE-Course\Experiment06-Patterns\Phase1\target\classes;C:\Users\moeei\.m2\repository\org\junit\jupiter\junit-jupiter-engine\5.9.1\junit-jupiter-engine-5.9.1.jar;C:\Users\moeei\.m2\repository\org\junit\platform\junit-platform-engine\1.9.1\junit-platform-engine-1.9.1.jar;C:\Users\moeei\.m2\repository\org\apiguardian\apiguardian-api\1.1.2\apiguardian-api-1.1.2.jar;C:\Users\moeei\.m2\repository\org\junit\jupiter\junit-jupiter-api\5.9.1\junit-jupiter-api-5.9.1.jar;C:\Users\moeei\.m2\repository\org\opentest4j\opentest4j\1.2.0\opentest4j-1.2.0.jar;C:\Users\moeei\.m2\repository\org\junit\platform\junit-platform-commons\1.9.1\junit-platform-commons-1.9.1.jar;"/>
    <property name="sun.cpu.endian" value="little"/>
    <property name="user.home" value="C:\Users\moeei"/>
    <property name="user.language" value="en"/>
    <property name="java.specification.vendor" value="Oracle Corporation"/>
    <property name="java.version.date" value="2024-01-16"/>
    <property name="java.home" value="C:\Program Files\Java\jdk-21"/>
    <property name="file.separator" value="\"/>
    <property name="basedir" value="D:\Github\CE-Course\Experiment06-Patterns\Phase1"/>
    <property name="java.vm.compressedOopsMode" value="Zero based"/>
    <property name="line.separator" value="&#10;"/>
    <property name="java.vm.specification.vendor" value="Oracle Corporation"/>
    <property name="java.specification.name" value="Java Platform API Specification"/>
    <property name="surefire.real.class.path" value="C:\Users\moeei\AppData\Local\Temp\surefire600625706654072394\surefirebooter-20250829201316993_3.jar"/>
    <property name="user.script" value=""/>
    <property name="sun.management.compiler" value="HotSpot 64-Bit Tiered Compilers"/>
    <property name="java.runtime.version" value="21.0.2+13-LTS-58"/>
    <property name="user.name" value="moeei"/>
    <property name="stdout.encoding" value="Cp1252"/>
    <property name="path.separator" value=";"/>
    <property name="os.version" value="10.0"/>
    <property name="java.runtime.name" value="Java(TM) SE Runtime Environment"/>
    <property name="file.encoding" value="UTF-8"/>
    <property name="java.vm.name" value="Java HotSpot(TM) 64-Bit Server VM"/>
    <property name="localRepository" value="C:\Users\moeei\.m2\repository"/>
    <property name="java.vendor.url.bug" value="https://bugreport.java.com/bugreport/"/>
    <property name="java.io.tmpdir" value="C:\Users\moeei\AppData\Local\Temp\"/>
    <property name="idea.version" value="2023.3.4"/>
    <property name="java.version" value="21.0.2"/>
    <property name="user.dir" value="D:\Github\CE-Course\Experiment06-Patterns\Phase1"/>
    <property name="os.arch" value="amd64"/>
    <property name="java.vm.specification.name" value="Java Virtual Machine Specification"/>
    <property name="sun.os.patch.level" value=""/>
    <property name="native.encoding" value="Cp1252"/>
    <property name="java.library.path" value="C:\Program Files\Java\jdk-21\bin;C:\WINDOWS\Sun\Java\bin;C:\WINDOWS\system32;C:\WINDOWS;C:\Program Files (x86)\VMware\VMware Workstation\bin\;C:\Program Files\Common Files\Oracle\Java\javapath;C:\WINDOWS\system32;C:\WINDOWS;C:\WINDOWS\System32\Wbem;C:\WINDOWS\System32\WindowsPowerShell\v1.0\;C:\WINDOWS\System32\OpenSSH\;C:\Program Files\Git\cmd;C:\Program Files\dotnet\;C:\Program Files\Microsoft VS Code\bin;C:\Program Files\nodejs\;C:\ProgramData\chocolatey\bin;C:\Program Files\MongoDB\Server\5.0\bin;;C:\Program Files\Docker\Docker\resources\bin;C:\Program Files\Go\bin;c:\Users\moeei\AppData\Local\Programs\cursor\resources\app\bin;C:\Program Files\PuTTY\;C:\Users\moeei\.cargo\bin;C:\Program Files\MySQL\MySQL Shell 8.0\bin\;C:\Users\moeei\AppData\Local\Programs\Python\Launcher\;C:\Users\moeei\AppData\Local\Microsoft\WindowsApps;C:\Users\moeei\AppData\Roaming\Microsoft\Windows\Start Menu\Programs\Python 3.12;C:\Program Files (x86)\ffmpeg\bin;C:\Program Files\JetBrains\IntelliJ IDEA 2023.3.4\bin;C:\Program Files\JetBrains\PyCharm 2023.3.4\bin;C:\MinGW\bin;C:\Program Files\JetBrains\WebStorm 2023.3.5\bin;C:\Program Files\JetBrains\DataGrip 2023.3.4\bin;C:\Users\moeei\AppData\Local\JetBrains\Toolbox\scripts;C:\Program Files\JetBrains\CLion 2023.3.4\bin;;C:\texlive\2023\bin\windows;C:\Users\moeei\AppData\Local\Microsoft\WinGet\Packages\Schniz.fnm_Microsoft.Winget.Source_8wekyb3d8bbwe;C:\Users\moeei\AppData\Roaming\npm;C:\Program Files\MongoDB\Server\5.0\bin;C:\Program Files\PostgreSQL\16\bin;C:\Program Files\JetBrains\GoLand 2023.1.3\bin;;C:\Users\moeei\go\bin;C:\Users\moeei\AppData\Local\Microsoft\WindowsApps;C:\Users\moeei\.bun\bin;C:\modeltech64_2020.4\win64;C:\iverilog\bin;C:\iverilog\gtkwave\bin;C:\Program Files\JetBrains\WebStorm 2025.1\bin;;C:\Program Files\PostgreSQL\17\bin;C:\ProgramData\Microsoft\Windows\Start Menu\Programs\Anaconda3 (64-bit);C:\Users\moeei\AppData\Local\Pandoc\;C:\Users\moeei\AppData\Local\Programs\cursor\resources\app\bin;."/>
    <property name="java.vm.info" value="mixed mode, sharing"/>
    <property name="stderr.encoding" value="Cp1252"/>
    <property name="java.vendor" value="Oracle Corporation"/>
    <property name="java.vm.version" value="21.0.2+13-LTS-58"/>
    <property name="sun.io.unicode.encoding" value="UnicodeLittle"/>
    <property name="java.class.version" value="65.0"/>
  </properties>
  <testcase name="shutdown_anyTariff_cost_zero" classname="edu.sharif.selab.SmartBuildingSystemTest" time="0.004">
    <system-out><![CDATA[Shutdown state: all systems are off.
]]></system-out>
  </testcase>
  <testcase name="active_standard_10units_cost_5000" classname="edu.sharif.selab.SmartBuildingSystemTest" time="0.001"/>
  <testcase name="eco_green_10units_cost_1500" classname="edu.sharif.selab.SmartBuildingSystemTest" time="0.001">
    <system-out><![CDATA[Eco state: only essential systems are running.
]]></system-out>
  </testcase>
</testsuite>